<?xml version="1.0" encoding="UTF-8" standalone="no"?>
<testsuite errors="0" failures="1" name="io.cucumber.core.plugin.JUnitFormatter" skipped="0" tests="2" time="153.332">
<testcase classname="Search and Place the Order for Products" name="Search Experience for product search in both Home and Offers Page" time="143.459">
<system-out><![CDATA[Given User is on GreenCart landing page.....................................passed
When Usersearched with shortname Tom and extracted actual name of product...passed
Then User searched for Tom shortname in offers page to check if product exists.passed
And perform validation in betweenlanding page and offer page result.........passed
]]></system-out>
</testcase>
<testcase classname="Search and Place the Order for Products" name="Search Experience for product search in both Home and Offers Page 2" time="147.386">
<failure message="Assertion failed expected [No data] but found [Beetroot]" type="java.lang.AssertionError"><![CDATA[Given User is on GreenCart landing page.....................................passed
When Usersearched with shortname Beet and extracted actual name of product..passed
Then User searched for Beet shortname in offers page to check if product exists.passed
And perform validation in betweenlanding page and offer page result.........failed

StackTrace:
java.lang.AssertionError: Assertion failed expected [No data] but found [Beetroot]
	at org.testng.Assert.fail(Assert.java:96)
	at org.testng.Assert.failNotEquals(Assert.java:776)
	at org.testng.Assert.assertEqualsImpl(Assert.java:137)
	at org.testng.Assert.assertEquals(Assert.java:118)
	at org.testng.Assert.assertEquals(Assert.java:453)
	at stepDefinations.OfferPageStepDefinations.perform_validation_in_betweenlanding_page_and_offer_page_result(OfferPageStepDefinations.java:105)
	at âœ½.perform validation in betweenlanding page and offer page result(file:///E:/Automation/SeleniumCloudCucumber/src/test/java/features/searchProduct.feature:7)
]]></failure>
</testcase>
</testsuite>
