<?xml version="1.0" encoding="UTF-8"?>
<!-- Generated by org.testng.reporters.JUnitReportReporter -->
<testsuite skipped="0" hostname="DESKTOP-IQ6DGSE" name="cucumberOptions.TestNGTestRunnerForFramework" tests="2" failures="1" timestamp="10 Apr 2022 21:17:10 GMT" time="298.139" errors="0">
  <testcase name="runScenario" time="150.288" classname="cucumberOptions.TestNGTestRunnerForFramework">
    <failure type="java.lang.AssertionError" message="Assertion failed expected [No data] but found [Beetroot]">
      <![CDATA[java.lang.AssertionError: Assertion failed expected [No data] but found [Beetroot]
at org.testng.Assert.fail(Assert.java:96)
at org.testng.Assert.failNotEquals(Assert.java:776)
at org.testng.Assert.assertEqualsImpl(Assert.java:137)
at org.testng.Assert.assertEquals(Assert.java:118)
at org.testng.Assert.assertEquals(Assert.java:453)
at stepDefinations.OfferPageStepDefinations.perform_validation_in_betweenlanding_page_and_offer_page_result(OfferPageStepDefinations.java:105)
at âœ½.perform validation in betweenlanding page and offer page result(file:///E:/Automation/SeleniumCloudCucumber/src/test/java/features/searchProduct.feature:7)
]]>
    </failure>
  </testcase> <!-- runScenario -->
  <testcase name="runScenario" time="147.851" classname="cucumberOptions.TestNGTestRunnerForFramework"/>
</testsuite> <!-- cucumberOptions.TestNGTestRunnerForFramework -->
